CLUSTERED TEST RUN SUMMARY
=========================
Timestamp: Wed Sep  3 16:22:34 EDT 2025
Exit Code: 1

FAILED tests/unit/test_minimum_pattern_requirement.py::test_mixed_event_sizes - AssertionError: Failed: 1 string - no predictions
  ✓ Passed:  55
  ✗ Failed:  134
  ⚠ Skipped: 1
