CLUSTERED TEST RUN SUMMARY
=========================
Timestamp: Wed Sep  3 17:27:38 EDT 2025
Exit Code: 1

FAILED tests/unit/test_minimum_pattern_requirement.py::test_mixed_event_sizes - AssertionError: Failed: 2 strings across 2 events - predictions
  ✓ Passed:  112
  ✗ Failed:  77
  ⚠ Skipped: 1
