TEST RUN SUMMARY
================
Start Time: 2025-08-30 22:20:50
End Time: 2025-08-30 22:20:51
Duration: 65.73s
Exit Code: 1

RESULTS
-------
Total: 0 tests
Passed: 179
Failed: 15
Skipped: 0

FAILED TESTS
------------
tests/tests/unit/test_comprehensive_sequences.py::test_long_sequence_basic [31mFAILED[0m[31m [ 26%][0m
tests/tests/unit/test_comprehensive_sequences.py::test_long_sequence_middle_observation [31mFAILED[0m[31m [ 26%][0m
tests/tests/unit/test_comprehensive_sequences.py::test_partial_observation_long_sequence [31mFAILED[0m[31m [ 27%][0m
tests/tests/unit/test_comprehensive_sequences.py::test_cyclic_long_sequence [31mFAILED[0m[31m [ 27%][0m
tests/tests/unit/test_comprehensive_sequences.py::test_emotives_in_long_sequence [31mFAILED[0m[31m [ 28%][0m
tests/tests/unit/test_comprehensive_sequences.py::test_sparse_observation_long_sequence [31mFAILED[0m[31m [ 29%][0m
tests/tests/unit/test_comprehensive_sequences.py::test_sequence_with_repetitive_patterns [31mFAILED[0m[31m [ 30%][0m
tests/tests/unit/test_memory_management.py::test_memory_with_vectors [31mFAILED[0m[31m [ 45%][0m
tests/tests/unit/test_prediction_fields.py::test_prediction_past_field [31mFAILED[0m[31m [ 68%][0m
tests/tests/unit/test_recall_threshold_edge_cases.py::test_threshold_with_missing_symbols [31mFAILED[0m[31m [ 80%][0m
tests/tests/unit/test_recall_threshold_edge_cases.py::test_threshold_with_empty_events [31mFAILED[0m[31m [ 84%][0m
tests/tests/unit/test_recall_threshold_sequences.py::test_short_sequences_low_threshold [31mFAILED[0m[31m [ 86%][0m
tests/tests/unit/test_recall_threshold_sequences.py::test_medium_sequences_varying_thresholds [31mFAILED[0m[31m [ 87%][0m
tests/tests/unit/test_recall_threshold_sequences.py::test_cyclic_patterns_threshold_disambiguation [31mFAILED[0m[31m [ 89%][0m
tests/tests/unit/test_recall_threshold_values.py::test_threshold_zero_no_filtering [31mFAILED[0m[31m [ 91%][0m

Full output: /Users/sevakavakians/PROGRAMMING/kato/logs/test-runs/test-output-20250830-221939.log
Errors only: /Users/sevakavakians/PROGRAMMING/kato/logs/test-runs/test-errors-20250830-221939.log
