TEST RUN SUMMARY
================
Start Time: 2025-09-01 14:43:03
End Time: 2025-09-01 14:43:04
Duration: 27.91s
Exit Code: 1

RESULTS
-------
Total: 0 tests
Passed: 29
Failed: 163
Skipped: 1

FAILED TESTS
------------
tests/test_optimizations_standalone.py::test_ngram_index [31mFAILED[0m[31m          [  1%][0m
tests/test_optimizations_standalone.py::test_fast_sequence_matcher [31mFAILED[0m[31m [  2%][0m
tests/test_optimizations_standalone.py::test_performance_comparison [31mFAILED[0m[31m [  2%][0m
tests/tests/api/test_rest_endpoints.py::test_working_memory_endpoint [31mFAILED[0m[31m [  6%][0m
tests/tests/api/test_rest_endpoints.py::test_learn_endpoint [31mFAILED[0m[31m       [  7%][0m
tests/tests/api/test_rest_endpoints.py::test_predictions_endpoint [31mFAILED[0m[31m [  8%][0m
tests/tests/api/test_rest_endpoints.py::test_cognition_data_endpoint [31mFAILED[0m[31m [  9%][0m
tests/tests/api/test_rest_endpoints.py::test_gene_change_endpoint [31mFAILED[0m[31m [ 10%][0m
tests/tests/api/test_rest_endpoints.py::test_model_endpoint [31mFAILED[0m[31m       [ 10%][0m
tests/tests/integration/test_sequence_learning.py::test_simple_sequence_learning [31mFAILED[0m[31m [ 13%][0m
tests/tests/integration/test_sequence_learning.py::test_multiple_sequence_learning [31mFAILED[0m[31m [ 14%][0m
tests/tests/integration/test_sequence_learning.py::test_sequence_completion [31mFAILED[0m[31m [ 15%][0m
tests/tests/integration/test_sequence_learning.py::test_cyclic_sequence_learning [31mFAILED[0m[31m [ 15%][0m
tests/tests/integration/test_sequence_learning.py::test_sequence_with_repetition [31mFAILED[0m[31m [ 16%][0m
tests/tests/integration/test_sequence_learning.py::test_interleaved_sequence_learning [31mFAILED[0m[31m [ 16%][0m
tests/tests/integration/test_sequence_learning.py::test_context_switching [31mFAILED[0m[31m [ 17%][0m
tests/tests/integration/test_sequence_learning.py::test_max_sequence_length_auto_learn [31mFAILED[0m[31m [ 17%][0m
tests/tests/integration/test_sequence_learning.py::test_sequence_with_time_gaps [31mFAILED[0m[31m [ 18%][0m
tests/tests/integration/test_sequence_learning.py::test_multimodal_sequence_learning [31mFAILED[0m[31m [ 18%][0m
tests/tests/integration/test_sequence_learning.py::test_branching_sequences [31mFAILED[0m[31m [ 19%][0m

Full output: /Users/sevakavakians/PROGRAMMING/kato/logs/test-runs/test-output-20250901-144229.log
Errors only: /Users/sevakavakians/PROGRAMMING/kato/logs/test-runs/test-errors-20250901-144229.log
