TEST RUN SUMMARY
================
Start Time: 2025-09-01 18:12:57
End Time: 2025-09-01 18:12:57
Duration: 0.40s
Exit Code: 1

RESULTS
-------
Total: 0 tests
Passed: 0
Failed: 1
Skipped: 0

FAILED TESTS
------------
tests/tests/unit/test_recall_threshold_values.py::test_threshold_zero_no_filtering [31mFAILED[0m[31m [100%][0m

Full output: /Users/sevakavakians/PROGRAMMING/kato/logs/test-runs/test-output-20250901-181250.log
Errors only: /Users/sevakavakians/PROGRAMMING/kato/logs/test-runs/test-errors-20250901-181250.log
