TEST RUN SUMMARY
================
Start Time: 2025-09-01 15:25:15
End Time: 2025-09-01 15:25:15
Duration: 0.31s
Exit Code: 1

RESULTS
-------
Total: 0 tests
Passed: 0
Failed: 1
Skipped: 0

FAILED TESTS
------------
tests/tests/unit/test_minimum_sequence_requirement.py::test_exactly_two_strings_generates_predictions [31mFAILED[0m[31m [100%][0m

Full output: /Users/sevakavakians/PROGRAMMING/kato/logs/test-runs/test-output-20250901-152508.log
Errors only: /Users/sevakavakians/PROGRAMMING/kato/logs/test-runs/test-errors-20250901-152508.log
