TEST RUN SUMMARY
================
Start Time: 2025-09-01 15:23:16
End Time: 2025-09-01 15:23:16
Duration: 60.05s
Exit Code: 1

RESULTS
-------
Total: 0 tests
Passed: 79
Failed: 113
Skipped: 1

FAILED TESTS
------------
tests/tests/api/test_rest_endpoints.py::test_predictions_endpoint [31mFAILED[0m[31m [  8%][0m
tests/tests/api/test_rest_endpoints.py::test_pattern_endpoint [31mFAILED[0m[31m     [ 10%][0m
tests/tests/integration/test_sequence_learning.py::test_simple_sequence_learning [31mFAILED[0m[31m [ 13%][0m
tests/tests/integration/test_sequence_learning.py::test_multiple_sequence_learning [31mFAILED[0m[31m [ 14%][0m
tests/tests/integration/test_sequence_learning.py::test_sequence_completion [31mFAILED[0m[31m [ 15%][0m
tests/tests/integration/test_sequence_learning.py::test_cyclic_sequence_learning [31mFAILED[0m[31m [ 15%][0m
tests/tests/integration/test_sequence_learning.py::test_sequence_with_repetition [31mFAILED[0m[31m [ 16%][0m
tests/tests/integration/test_sequence_learning.py::test_interleaved_sequence_learning [31mFAILED[0m[31m [ 16%][0m
tests/tests/integration/test_sequence_learning.py::test_context_switching [31mFAILED[0m[31m [ 17%][0m
tests/tests/integration/test_sequence_learning.py::test_max_pattern_length_auto_learn [31mFAILED[0m[31m [ 17%][0m
tests/tests/integration/test_sequence_learning.py::test_sequence_with_time_gaps [31mFAILED[0m[31m [ 18%][0m
tests/tests/integration/test_sequence_learning.py::test_multimodal_sequence_learning [31mFAILED[0m[31m [ 18%][0m
tests/tests/integration/test_sequence_learning.py::test_branching_sequences [31mFAILED[0m[31m [ 19%][0m
tests/tests/integration/test_vector_e2e.py::test_vector_observation_and_learning [31mFAILED[0m[31m [ 19%][0m
tests/tests/integration/test_vector_simplified.py::test_vector_sequence [31mFAILED[0m[31m [ 23%][0m
tests/tests/unit/test_comprehensive_sequences.py::test_long_sequence_basic [31mFAILED[0m[31m [ 26%][0m
tests/tests/unit/test_comprehensive_sequences.py::test_long_sequence_middle_observation [31mFAILED[0m[31m [ 26%][0m
tests/tests/unit/test_comprehensive_sequences.py::test_partial_observation_long_sequence [31mFAILED[0m[31m [ 27%][0m
tests/tests/unit/test_comprehensive_sequences.py::test_cyclic_long_sequence [31mFAILED[0m[31m [ 27%][0m
tests/tests/unit/test_comprehensive_sequences.py::test_branching_long_sequence [31mFAILED[0m[31m [ 28%][0m

Full output: /Users/sevakavakians/PROGRAMMING/kato/logs/test-runs/test-output-20250901-152209.log
Errors only: /Users/sevakavakians/PROGRAMMING/kato/logs/test-runs/test-errors-20250901-152209.log
