TEST RUN SUMMARY
================
Start Time: 2025-09-01 19:45:10
End Time: 2025-09-01 19:45:11
Duration: 65.38s
Exit Code: 1

RESULTS
-------
Total: 0 tests
Passed: 181
Failed: 11
Skipped: 1

FAILED TESTS
------------
tests/tests/api/test_rest_endpoints.py::test_pattern_endpoint [31mFAILED[0m[31m     [ 10%][0m
tests/tests/unit/test_comprehensive_sequences.py::test_long_sequence_basic [31mFAILED[0m[31m [ 26%][0m
tests/tests/unit/test_comprehensive_sequences.py::test_long_sequence_middle_observation [31mFAILED[0m[31m [ 26%][0m
tests/tests/unit/test_comprehensive_sequences.py::test_partial_observation_long_sequence [31mFAILED[0m[31m [ 27%][0m
tests/tests/unit/test_comprehensive_sequences.py::test_cyclic_long_sequence [31mFAILED[0m[31m [ 27%][0m
tests/tests/unit/test_comprehensive_sequences.py::test_emotives_in_long_sequence [31mFAILED[0m[31m [ 29%][0m
tests/tests/unit/test_comprehensive_sequences.py::test_sparse_observation_long_sequence [31mFAILED[0m[31m [ 30%][0m
tests/tests/unit/test_comprehensive_sequences.py::test_sequence_with_repetitive_patterns [31mFAILED[0m[31m [ 30%][0m
tests/tests/unit/test_recall_threshold_edge_cases.py::test_threshold_with_missing_symbols [31mFAILED[0m[31m [ 80%][0m
tests/tests/unit/test_recall_threshold_sequences.py::test_short_sequences_low_threshold [31mFAILED[0m[31m [ 86%][0m
tests/tests/unit/test_recall_threshold_sequences.py::test_medium_sequences_varying_thresholds [31mFAILED[0m[31m [ 87%][0m

Full output: /Users/sevakavakians/PROGRAMMING/kato/logs/test-runs/test-output-20250901-194356.log
Errors only: /Users/sevakavakians/PROGRAMMING/kato/logs/test-runs/test-errors-20250901-194356.log
