TEST RUN SUMMARY
================
Start Time: 2025-08-31 13:40:29
End Time: 2025-08-31 13:40:29
Duration: 0.69s
Exit Code: 1

RESULTS
-------
Total: 0 tests
Passed: 0
Failed: 1
Skipped: 0

FAILED TESTS
------------
tests/tests/unit/test_prediction_fields.py::test_prediction_past_field [31mFAILED[0m[31m [100%][0m

Full output: /Users/sevakavakians/PROGRAMMING/kato/logs/test-runs/test-output-20250831-134021.log
Errors only: /Users/sevakavakians/PROGRAMMING/kato/logs/test-runs/test-errors-20250831-134021.log
