[0;32mKATO Test Runner[0m
==================
[0;32mUsing improved ZMQ implementation (ROUTER/DEALER)[0m
[0;32mUsing system Python3 and pytest[0m
[0;32mKATO Docker image already exists[0m
[0;32mRunning all tests...[0m

============================= test session starts ==============================
platform darwin -- Python 3.13.7, pytest-8.4.1, pluggy-1.6.0 -- /usr/local/opt/python@3.13/bin/python3.13
cachedir: .pytest_cache
rootdir: /Users/sevakavakians/PROGRAMMING/kato/tests
configfile: pytest.ini
collecting ... collected 105 items

tests/api/test_rest_endpoints.py::test_ping_endpoint PASSED              [  0%]
tests/api/test_rest_endpoints.py::test_connect_endpoint PASSED           [  1%]
tests/api/test_rest_endpoints.py::test_processor_ping_endpoint PASSED    [  2%]
tests/api/test_rest_endpoints.py::test_status_endpoint PASSED            [  3%]
tests/api/test_rest_endpoints.py::test_observe_endpoint PASSED           [  4%]
tests/api/test_rest_endpoints.py::test_observe_endpoint_empty PASSED     [  5%]
tests/api/test_rest_endpoints.py::test_working_memory_endpoint PASSED    [  6%]
tests/api/test_rest_endpoints.py::test_clear_working_memory_endpoint PASSED [  7%]
tests/api/test_rest_endpoints.py::test_clear_all_memory_endpoint PASSED  [  8%]
tests/api/test_rest_endpoints.py::test_learn_endpoint FAILED             [  9%]
tests/api/test_rest_endpoints.py::test_predictions_endpoint PASSED       [ 10%]
tests/api/test_rest_endpoints.py::test_percept_data_endpoint PASSED      [ 11%]
tests/api/test_rest_endpoints.py::test_cognition_data_endpoint PASSED    [ 12%]
tests/api/test_rest_endpoints.py::test_gene_endpoint PASSED              [ 13%]
tests/api/test_rest_endpoints.py::test_gene_change_endpoint PASSED       [ 14%]
tests/api/test_rest_endpoints.py::test_model_endpoint PASSED             [ 15%]
tests/api/test_rest_endpoints.py::test_error_handling_404 PASSED         [ 16%]
tests/api/test_rest_endpoints.py::test_error_handling_invalid_json PASSED [ 17%]
tests/api/test_rest_endpoints.py::test_observe_data_wrapper_format PASSED [ 18%]
tests/api/test_rest_endpoints.py::test_predictions_post_endpoint PASSED  [ 19%]
tests/api/test_rest_endpoints.py::test_endpoint_response_timing PASSED   [ 20%]
tests/integration/test_sequence_learning.py::test_simple_sequence_learning PASSED [ 20%]
tests/integration/test_sequence_learning.py::test_multiple_sequence_learning PASSED [ 21%]
tests/integration/test_sequence_learning.py::test_sequence_completion PASSED [ 22%]
tests/integration/test_sequence_learning.py::test_cyclic_sequence_learning PASSED [ 23%]
tests/integration/test_sequence_learning.py::test_sequence_with_repetition PASSED [ 24%]
tests/integration/test_sequence_learning.py::test_interleaved_sequence_learning PASSED [ 25%]
tests/integration/test_sequence_learning.py::test_context_switching PASSED [ 26%]
tests/integration/test_sequence_learning.py::test_max_sequence_length_auto_learn PASSED [ 27%]
tests/integration/test_sequence_learning.py::test_sequence_with_time_gaps PASSED [ 28%]
tests/integration/test_sequence_learning.py::test_multimodal_sequence_learning PASSED [ 29%]
tests/integration/test_sequence_learning.py::test_branching_sequences PASSED [ 30%]
tests/unit/test_memory_management.py::test_clear_all_memory PASSED       [ 31%]
tests/unit/test_memory_management.py::test_clear_working_memory PASSED   [ 32%]
tests/unit/test_memory_management.py::test_working_memory_accumulation PASSED [ 33%]
tests/unit/test_memory_management.py::test_manual_learning PASSED        [ 34%]
tests/unit/test_memory_management.py::test_memory_persistence PASSED     [ 35%]
tests/unit/test_memory_management.py::test_max_sequence_length PASSED    [ 36%]
tests/unit/test_memory_management.py::test_memory_with_emotives PASSED   [ 37%]
tests/unit/test_memory_management.py::test_memory_with_vectors PASSED    [ 38%]
tests/unit/test_memory_management.py::test_interleaved_memory_operations PASSED [ 39%]
tests/unit/test_model_hashing.py::test_model_name_format PASSED          [ 40%]
tests/unit/test_model_hashing.py::test_identical_sequences_same_hash PASSED [ 40%]
tests/unit/test_model_hashing.py::test_different_sequences_different_hash PASSED [ 41%]
tests/unit/test_model_hashing.py::test_sequence_order_affects_hash PASSED [ 42%]
tests/unit/test_model_hashing.py::test_model_hash_in_predictions PASSED  [ 43%]
tests/unit/test_model_hashing.py::test_model_hash_with_emotives PASSED   [ 44%]
tests/unit/test_model_hashing.py::test_model_hash_with_vectors PASSED    [ 45%]
tests/unit/test_model_hashing.py::test_empty_sequence_hash PASSED        [ 46%]
tests/unit/test_model_hashing.py::test_single_observation_hash PASSED    [ 47%]
tests/unit/test_model_hashing.py::test_hash_consistency_across_sessions PASSED [ 48%]
tests/unit/test_model_hashing.py::test_complex_sequence_hash PASSED      [ 49%]
tests/unit/test_observations.py::test_observe_single_string PASSED       [ 50%]
tests/unit/test_observations.py::test_observe_multiple_strings PASSED    [ 51%]
tests/unit/test_observations.py::test_observe_with_emotives PASSED       [ 52%]
tests/unit/test_observations.py::test_observe_with_vectors PASSED        [ 53%]
tests/unit/test_observations.py::test_observe_mixed_modalities PASSED    [ 54%]
tests/unit/test_observations.py::test_observe_empty PASSED               [ 55%]
tests/unit/test_observations.py::test_observe_sequence PASSED            [ 56%]
tests/unit/test_observations.py::test_observe_special_characters PASSED  [ 57%]
tests/unit/test_observations.py::test_observe_numeric_strings PASSED     [ 58%]
tests/unit/test_observations.py::test_empty_events_in_sequence PASSED    [ 59%]
tests/unit/test_observations.py::test_observe_large_vector PASSED        [ 60%]
tests/unit/test_prediction_edge_cases.py::test_empty_events_ignored PASSED [ 60%]
tests/unit/test_prediction_edge_cases.py::test_prediction_no_past PASSED [ 61%]
tests/unit/test_prediction_edge_cases.py::test_prediction_no_future PASSED [ 62%]
tests/unit/test_prediction_edge_cases.py::test_all_extras_no_matches PASSED [ 63%]
tests/unit/test_prediction_edge_cases.py::test_partial_overlap_multiple_sequences PASSED [ 64%]
tests/unit/test_prediction_edge_cases.py::test_very_long_sequence_middle_observation PASSED [ 65%]
tests/unit/test_prediction_edge_cases.py::test_repeated_symbols_in_event PASSED [ 66%]
tests/unit/test_prediction_edge_cases.py::test_case_sensitive_matching PASSED [ 67%]
tests/unit/test_prediction_edge_cases.py::test_observation_longer_than_learned PASSED [ 68%]
tests/unit/test_prediction_edge_cases.py::test_single_symbol_sequences PASSED [ 69%]
tests/unit/test_prediction_fields.py::test_prediction_past_field PASSED  [ 70%]
tests/unit/test_prediction_fields.py::test_prediction_missing_symbols PASSED [ 71%]
tests/unit/test_prediction_fields.py::test_prediction_extra_symbols PASSED [ 72%]
tests/unit/test_prediction_fields.py::test_prediction_multi_event_present PASSED [ 73%]
tests/unit/test_prediction_fields.py::test_prediction_contiguous_present PASSED [ 74%]
tests/unit/test_prediction_fields.py::test_prediction_partial_match_at_start PASSED [ 75%]
tests/unit/test_prediction_fields.py::test_prediction_partial_match_at_end PASSED [ 76%]
tests/unit/test_prediction_fields.py::test_prediction_mixed_missing_and_extras PASSED [ 77%]
tests/unit/test_prediction_fields.py::test_prediction_multiple_past_events PASSED [ 78%]
tests/unit/test_prediction_fields.py::test_single_event_with_missing PASSED [ 79%]
tests/unit/test_predictions.py::test_no_predictions_initially PASSED     [ 80%]
tests/unit/test_predictions.py::test_predictions_after_observation PASSED [ 80%]
tests/unit/test_predictions.py::test_prediction_matches PASSED           [ 81%]
tests/unit/test_predictions.py::test_prediction_present_past_future PASSED [ 82%]
tests/unit/test_predictions.py::test_prediction_similarity_perfect_match PASSED [ 83%]
tests/unit/test_predictions.py::test_prediction_partial_match PASSED     [ 84%]
tests/unit/test_predictions.py::test_prediction_frequency PASSED         [ 85%]
tests/unit/test_predictions.py::test_prediction_entropy PASSED           [ 86%]
tests/unit/test_predictions.py::test_prediction_hamiltonian PASSED       [ 87%]
tests/unit/test_predictions.py::test_prediction_with_emotives PASSED     [ 88%]
tests/unit/test_predictions.py::test_multiple_model_predictions PASSED   [ 89%]
tests/unit/test_predictions.py::test_prediction_confidence_scores PASSED [ 90%]
tests/unit/test_predictions.py::test_prediction_type_field PASSED        [ 91%]
tests/unit/test_sorting_behavior.py::test_alphanumeric_sorting_within_event PASSED [ 92%]
tests/unit/test_sorting_behavior.py::test_event_order_preserved PASSED   [ 93%]
tests/unit/test_sorting_behavior.py::test_single_string_unchanged PASSED [ 94%]
tests/unit/test_sorting_behavior.py::test_mixed_case_sorting PASSED      [ 95%]
tests/unit/test_sorting_behavior.py::test_numeric_string_sorting PASSED  [ 96%]
tests/unit/test_sorting_behavior.py::test_special_characters_sorting PASSED [ 97%]
tests/unit/test_sorting_behavior.py::test_empty_strings_in_sorting PASSED [ 98%]
tests/unit/test_sorting_behavior.py::test_unicode_sorting PASSED         [ 99%]
tests/unit/test_sorting_behavior.py::test_sorting_consistency_across_learns PASSED [100%]

=================================== FAILURES ===================================
_____________________________ test_learn_endpoint ______________________________
/Users/sevakavakians/PROGRAMMING/kato/kato-tests/tests/api/test_rest_endpoints.py:191: in test_learn_endpoint
    ???
E   AssertionError: assert False
E    +  where False = <built-in method startswith of str object at 0x1080c5728>('MODEL|')
E    +    where <built-in method startswith of str object at 0x1080c5728> = ''.startswith
=========================== short test summary info ============================
FAILED tests/api/test_rest_endpoints.py::test_learn_endpoint - AssertionError...
================== 1 failed, 104 passed in 153.56s (0:02:33) ===================

[0;31mâœ— Some tests failed[0m
