[0;32mKATO Test Runner[0m
==================
[0;32mUsing improved ZMQ implementation (ROUTER/DEALER)[0m
[0;32mUsing system Python3 and pytest[0m
[0;32mKATO Docker image already exists[0m
[0;32mRunning all tests...[0m

============================= test session starts ==============================
platform darwin -- Python 3.13.7, pytest-8.4.1, pluggy-1.6.0 -- /usr/local/opt/python@3.13/bin/python3.13
cachedir: .pytest_cache
rootdir: /Users/sevakavakians/PROGRAMMING/kato/tests
configfile: pytest.ini
collecting ... collected 115 items / 1 error

==================================== ERRORS ====================================
___ ERROR collecting tests/performance/test_pattern_matching_performance.py ____
ImportError while importing test module '/Users/sevakavakians/PROGRAMMING/kato/tests/tests/performance/test_pattern_matching_performance.py'.
Hint: make sure your test modules/packages have valid Python names.
Traceback:
/usr/local/Cellar/python@3.13/3.13.7/Frameworks/Python.framework/Versions/3.13/lib/python3.13/importlib/__init__.py:88: in import_module
    return _bootstrap._gcd_import(name[level:], package, level)
           ^^^^^^^^^^^^^^^^^^^^^^^^^^^^^^^^^^^^^^^^^^^^^^^^^^^^
tests/performance/test_pattern_matching_performance.py:25: in <module>
    from kato.searches.index_manager import IndexManager, InvertedIndex
E   ModuleNotFoundError: No module named 'kato.searches.index_manager'
=========================== short test summary info ============================
ERROR tests/performance/test_pattern_matching_performance.py
!!!!!!!!!!!!!!!!!!!! Interrupted: 1 error during collection !!!!!!!!!!!!!!!!!!!!
=============================== 1 error in 0.13s ===============================

[0;31m✗ Some tests failed[0m
